<?xml version="1.0" encoding="UTF-8"?>
<!-- Generated by org.testng.reporters.JUnitXMLReporter -->
<testsuite ignored="0" hostname="LAPTOP-1CK9T189" failures="2" tests="2" name="Regression" time="48.646" errors="0" timestamp="2023-03-03T14:38:52 IST">
  <testcase classname="tests.verifyUIUX_PageTitle" name="verifyUIUX" time="35.502">
    <failure type="java.lang.AssertionError" message="The following asserts failed:
	Settings :Font Size expected [24px] but found [26px],
	Settings :Top Padding expected [50px] but found [51px],
	Settings :Bottom Padding expected [50px] but found [52px],
	View Draft Org Structures :Top Padding expected [50px] but found [51px]">
      <![CDATA[java.lang.AssertionError: The following asserts failed:
Settings :Font Size expected [24px] but found [26px],
Settings :Top Padding expected [50px] but found [51px],
Settings :Bottom Padding expected [50px] but found [52px],
View Draft Org Structures :Top Padding expected [50px] but found [51px]
at tests.verifyUIUX_PageTitle.verifyUIUX(verifyUIUX_PageTitle.java:99)
at java.base/java.util.ArrayList.forEach(ArrayList.java:1511)
... Removed 27 stack frames]]>
    </failure>
  </testcase> <!-- verifyUIUX -->
  <testcase classname="tests.verifyUIUX_Icon" name="verifyUIUX" time="13.068">
    <failure type="java.lang.AssertionError" message="The following asserts failed:
	View Draft Org Structures : Eye Icon Height expected [24px] but found [25px],
	View Draft Org Structures : Eye Icon Height expected [24px] but found [25px],
	View Draft Org Structures : Eye Icon Height expected [24px] but found [25px]">
      <![CDATA[java.lang.AssertionError: The following asserts failed:
View Draft Org Structures : Eye Icon Height expected [24px] but found [25px],
View Draft Org Structures : Eye Icon Height expected [24px] but found [25px],
View Draft Org Structures : Eye Icon Height expected [24px] but found [25px]
at tests.verifyUIUX_Icon.verifyUIUX(verifyUIUX_Icon.java:123)
at java.base/java.util.ArrayList.forEach(ArrayList.java:1511)
... Removed 27 stack frames]]>
    </failure>
  </testcase> <!-- verifyUIUX -->
</testsuite> <!-- Regression -->
